  Amortination_Table.cpp
  Amortization.cpp
  CalculoEdad.cpp
  Control.cpp
C:\Users\jrome\Music\Proyecto 0.02\Proyecto 0.02\Control.cpp(31,18): warning C4838: la conversión de 'USHORT' en 'SHORT' requiere una conversión de restricción
C:\Users\jrome\Music\Proyecto 0.02\Proyecto 0.02\Control.cpp(31,20): warning C4838: la conversión de 'USHORT' en 'SHORT' requiere una conversión de restricción
C:\Users\jrome\Music\Proyecto 0.02\Proyecto 0.02\Control.cpp(316,35): warning C4018: '<': no coinciden signed/unsigned
C:\Users\jrome\Music\Proyecto 0.02\Proyecto 0.02\Control.cpp(254,9): warning C4101: 'value': variable local sin referencia
C:\Users\jrome\Music\Proyecto 0.02\Proyecto 0.02\Control.cpp(259,14): warning C4101: 'va': variable local sin referencia
C:\Users\jrome\Music\Proyecto 0.02\Proyecto 0.02\Control.cpp(255,9): warning C4101: 'value2': variable local sin referencia
  Cuenta.cpp
  Fecha.cpp
  Generador.cpp
  IngresoDatos.cpp
  Lista.cpp
  Nodo.cpp
  Opciones.cpp
C:\Users\jrome\Music\Proyecto 0.02\Proyecto 0.02\Opciones.cpp(159,25): warning C4244: '=': conversión de 'double' a 'int'; posible pérdida de datos
C:\Users\jrome\Music\Proyecto 0.02\Proyecto 0.02\Opciones.cpp(33,8): warning C4101: 'saldo': variable local sin referencia
  OperationsAmortization.cpp
C:\Users\jrome\Music\Proyecto 0.02\Proyecto 0.02\OperationsAmortization.cpp(13,24): warning C4101: 'century': variable local sin referencia
C:\Users\jrome\Music\Proyecto 0.02\Proyecto 0.02\OperationsAmortization.cpp(139,24): warning C4244: '=': conversión de 'double' a 'int'; posible pérdida de datos
C:\Users\jrome\Music\Proyecto 0.02\Proyecto 0.02\OperationsAmortization.cpp(141,26): warning C4244: '=': conversión de 'double' a 'int'; posible pérdida de datos
C:\Users\jrome\Music\Proyecto 0.02\Proyecto 0.02\OperationsAmortization.cpp(143,25): warning C4244: '=': conversión de 'double' a 'int'; posible pérdida de datos
  Persona.cpp
C:\Users\jrome\Music\Proyecto 0.02\Proyecto 0.02\Persona.cpp(101,10): warning C4129: 'C': secuencia de escape de carácter no reconocida
C:\Users\jrome\Music\Proyecto 0.02\Proyecto 0.02\Persona.cpp(102,10): warning C4129: 'T': secuencia de escape de carácter no reconocida
C:\Users\jrome\Music\Proyecto 0.02\Proyecto 0.02\Persona.cpp(103,10): warning C4129: 'D': secuencia de escape de carácter no reconocida
  Proyecto-Unidad-1.cpp
  Generando código...
C:\Users\jrome\Music\Proyecto 0.02\Proyecto 0.02\OperationsAmortization.cpp(193): warning C4715: 'OperationsAmortization::enter_Date': no todas las rutas de acceso de control devuelven un valor
C:\Users\jrome\Music\Proyecto 0.02\Proyecto 0.02\Lista.cpp(77): warning C4715: 'Lista::verCedulas': no todas las rutas de acceso de control devuelven un valor
C:\Users\jrome\Music\Proyecto 0.02\Proyecto 0.02\Lista.cpp(97): warning C4715: 'Lista::verTelefono': no todas las rutas de acceso de control devuelven un valor
C:\Users\jrome\Music\Proyecto 0.02\Proyecto 0.02\Control.cpp(465): warning C4172: devolución de dirección de la variable local o temporal: datos
  Proyecto 0.02.vcxproj -> C:\Users\jrome\Music\Proyecto 0.02\Debug\Proyecto 0.02.exe
